{"meta": {"format": 3, "version": "7.10.6", "timestamp": "2025-09-18T21:50:14.503473", "branch_coverage": false, "show_contexts": false}, "files": {"src/__init__.py": {"executed_lines": [1, 3, 5, 6], "summary": {"covered_lines": 4, "num_statements": 4, "percent_covered": 100.0, "percent_covered_display": "100", "missing_lines": 0, "excluded_lines": 0}, "missing_lines": [], "excluded_lines": [], "functions": {"": {"executed_lines": [1, 3, 5, 6], "summary": {"covered_lines": 4, "num_statements": 4, "percent_covered": 100.0, "percent_covered_display": "100", "missing_lines": 0, "excluded_lines": 0}, "missing_lines": [], "excluded_lines": []}}, "classes": {"": {"executed_lines": [1, 3, 5, 6], "summary": {"covered_lines": 4, "num_statements": 4, "percent_covered": 100.0, "percent_covered_display": "100", "missing_lines": 0, "excluded_lines": 0}, "missing_lines": [], "excluded_lines": []}}}, "src/counter.py": {"executed_lines": [1, 4, 5, 6, 8, 11, 13, 15, 17, 18, 20, 21, 22, 23, 24, 25, 27, 28, 30, 31, 32, 34, 35, 37, 38, 39, 40, 42, 43, 45, 46, 47, 48, 50, 51, 53, 55, 56, 58, 59, 61, 62, 64, 65, 67, 68, 70, 74, 77, 79, 81, 82, 84, 87, 89, 90, 92, 93, 95, 97, 98, 101, 102, 103, 104, 106, 107, 109, 110, 111, 112, 114, 115, 117, 118, 120, 121, 123, 124, 126, 127, 129, 130], "summary": {"covered_lines": 82, "num_statements": 87, "percent_covered": 94.25287356321839, "percent_covered_display": "94", "missing_lines": 5, "excluded_lines": 0}, "missing_lines": [71, 85, 96, 99, 100], "excluded_lines": [], "functions": {"is_valid_counter_name": {"executed_lines": [15], "summary": {"covered_lines": 1, "num_statements": 1, "percent_covered": 100.0, "percent_covered_display": "100", "missing_lines": 0, "excluded_lines": 0}, "missing_lines": [], "excluded_lines": []}, "create_counter": {"executed_lines": [20, 21, 22, 23, 24, 25], "summary": {"covered_lines": 6, "num_statements": 6, "percent_covered": 100.0, "percent_covered_display": "100", "missing_lines": 0, "excluded_lines": 0}, "missing_lines": [], "excluded_lines": []}, "get_counter": {"executed_lines": [30, 31, 32], "summary": {"covered_lines": 3, "num_statements": 3, "percent_covered": 100.0, "percent_covered_display": "100", "missing_lines": 0, "excluded_lines": 0}, "missing_lines": [], "excluded_lines": []}, "increment_counter": {"executed_lines": [37, 38, 39, 40], "summary": {"covered_lines": 4, "num_statements": 4, "percent_covered": 100.0, "percent_covered_display": "100", "missing_lines": 0, "excluded_lines": 0}, "missing_lines": [], "excluded_lines": []}, "delete_counter": {"executed_lines": [45, 46, 47, 48], "summary": {"covered_lines": 4, "num_statements": 4, "percent_covered": 100.0, "percent_covered_display": "100", "missing_lines": 0, "excluded_lines": 0}, "missing_lines": [], "excluded_lines": []}, "list_counters": {"executed_lines": [53], "summary": {"covered_lines": 1, "num_statements": 1, "percent_covered": 100.0, "percent_covered_display": "100", "missing_lines": 0, "excluded_lines": 0}, "missing_lines": [], "excluded_lines": []}, "reset_counters": {"executed_lines": [58, 59], "summary": {"covered_lines": 2, "num_statements": 2, "percent_covered": 100.0, "percent_covered_display": "100", "missing_lines": 0, "excluded_lines": 0}, "missing_lines": [], "excluded_lines": []}, "get_total_counters": {"executed_lines": [64, 65], "summary": {"covered_lines": 2, "num_statements": 2, "percent_covered": 100.0, "percent_covered_display": "100", "missing_lines": 0, "excluded_lines": 0}, "missing_lines": [], "excluded_lines": []}, "get_top_n_counters": {"executed_lines": [70, 74, 77, 79], "summary": {"covered_lines": 4, "num_statements": 5, "percent_covered": 80.0, "percent_covered_display": "80", "missing_lines": 1, "excluded_lines": 0}, "missing_lines": [71], "excluded_lines": []}, "get_bottom_n_counters": {"executed_lines": [84, 87, 89, 90], "summary": {"covered_lines": 4, "num_statements": 5, "percent_covered": 80.0, "percent_covered_display": "80", "missing_lines": 1, "excluded_lines": 0}, "missing_lines": [85], "excluded_lines": []}, "set_counter_value": {"executed_lines": [95, 97, 98, 101, 102, 103, 104], "summary": {"covered_lines": 7, "num_statements": 10, "percent_covered": 70.0, "percent_covered_display": "70", "missing_lines": 3, "excluded_lines": 0}, "missing_lines": [96, 99, 100], "excluded_lines": []}, "reset_single_counter": {"executed_lines": [109, 110, 111, 112], "summary": {"covered_lines": 4, "num_statements": 4, "percent_covered": 100.0, "percent_covered_display": "100", "missing_lines": 0, "excluded_lines": 0}, "missing_lines": [], "excluded_lines": []}, "get_total_number_of_counters": {"executed_lines": [117, 118], "summary": {"covered_lines": 2, "num_statements": 2, "percent_covered": 100.0, "percent_covered_display": "100", "missing_lines": 0, "excluded_lines": 0}, "missing_lines": [], "excluded_lines": []}, "get_counters_greater_than": {"executed_lines": [123, 124], "summary": {"covered_lines": 2, "num_statements": 2, "percent_covered": 100.0, "percent_covered_display": "100", "missing_lines": 0, "excluded_lines": 0}, "missing_lines": [], "excluded_lines": []}, "get_counters_less_than_threshold": {"executed_lines": [129, 130], "summary": {"covered_lines": 2, "num_statements": 2, "percent_covered": 100.0, "percent_covered_display": "100", "missing_lines": 0, "excluded_lines": 0}, "missing_lines": [], "excluded_lines": []}, "": {"executed_lines": [1, 4, 5, 6, 8, 11, 13, 17, 18, 27, 28, 34, 35, 42, 43, 50, 51, 55, 56, 61, 62, 67, 68, 81, 82, 92, 93, 106, 107, 114, 115, 120, 121, 126, 127], "summary": {"covered_lines": 34, "num_statements": 34, "percent_covered": 100.0, "percent_covered_display": "100", "missing_lines": 0, "excluded_lines": 0}, "missing_lines": [], "excluded_lines": []}}, "classes": {"": {"executed_lines": [1, 4, 5, 6, 8, 11, 13, 15, 17, 18, 20, 21, 22, 23, 24, 25, 27, 28, 30, 31, 32, 34, 35, 37, 38, 39, 40, 42, 43, 45, 46, 47, 48, 50, 51, 53, 55, 56, 58, 59, 61, 62, 64, 65, 67, 68, 70, 74, 77, 79, 81, 82, 84, 87, 89, 90, 92, 93, 95, 97, 98, 101, 102, 103, 104, 106, 107, 109, 110, 111, 112, 114, 115, 117, 118, 120, 121, 123, 124, 126, 127, 129, 130], "summary": {"covered_lines": 82, "num_statements": 87, "percent_covered": 94.25287356321839, "percent_covered_display": "94", "missing_lines": 5, "excluded_lines": 0}, "missing_lines": [71, 85, 96, 99, 100], "excluded_lines": []}}}, "src/status.py": {"executed_lines": [], "summary": {"covered_lines": 0, "num_statements": 6, "percent_covered": 0.0, "percent_covered_display": "0", "missing_lines": 6, "excluded_lines": 0}, "missing_lines": [2, 3, 4, 5, 6, 7], "excluded_lines": [], "functions": {"": {"executed_lines": [], "summary": {"covered_lines": 0, "num_statements": 6, "percent_covered": 0.0, "percent_covered_display": "0", "missing_lines": 6, "excluded_lines": 0}, "missing_lines": [2, 3, 4, 5, 6, 7], "excluded_lines": []}}, "classes": {"": {"executed_lines": [], "summary": {"covered_lines": 0, "num_statements": 6, "percent_covered": 0.0, "percent_covered_display": "0", "missing_lines": 6, "excluded_lines": 0}, "missing_lines": [2, 3, 4, 5, 6, 7], "excluded_lines": []}}}}, "totals": {"covered_lines": 86, "num_statements": 97, "percent_covered": 88.65979381443299, "percent_covered_display": "89", "missing_lines": 11, "excluded_lines": 0}}